============================= test session starts ==============================
platform linux -- Python 3.12.12, pytest-9.0.2, pluggy-1.6.0 -- /home/dmitry/miniconda3/envs/tg_bot/bin/python3.12
cachedir: .pytest_cache
rootdir: /home/dmitry/avito/aaa-python-final-task
plugins: asyncio-1.3.0, anyio-4.12.1, cov-7.0.0
asyncio: mode=Mode.STRICT, debug=False, asyncio_default_fixture_loop_scope=None, asyncio_default_test_loop_scope=function
collecting ... collected 16 items

tests.py::test_won[field0-X-True] PASSED                                 [  6%]
tests.py::test_won[field1-O-False] PASSED                                [ 12%]
tests.py::test_won[field2-X-True] PASSED                                 [ 18%]
tests.py::test_won[field3-X-True] PASSED                                 [ 25%]
tests.py::test_won[field4-O-True] PASSED                                 [ 31%]
tests.py::test_draw_true PASSED                                          [ 37%]
tests.py::test_draw_false PASSED                                         [ 43%]
tests.py::test_ai_turn PASSED                                            [ 50%]
tests.py::test_check_game_status_continue PASSED                         [ 56%]
tests.py::test_check_game_status_win PASSED                              [ 62%]
tests.py::test_check_game_status_fail PASSED                             [ 68%]
tests.py::test_check_game_status_draw PASSED                             [ 75%]
tests.py::test_check_game_status_value_error PASSED                      [ 81%]
tests.py::test_check_game_status_type_error PASSED                       [ 87%]
tests.py::test_game_win PASSED                                           [ 93%]
tests.py::test_game_continue PASSED                                      [100%]

================================ tests coverage ================================
_______________ coverage: platform linux, python 3.12.12-final-0 _______________

Name      Stmts   Miss  Cover
-----------------------------
main.py     109     14    87%
-----------------------------
TOTAL       109     14    87%
============================== 16 passed in 1.15s ==============================
